Time resolution is 1 ps
Block Memory Generator module ram_tb_4.uut.ram_inst_4.inst.native_mem_module.blk_mem_gen_v8_4_9_inst is using a behavioral model for simulation which will not precisely model memory collision behavior.
blk_mem_gen_v8_4_9 collision detected at time: 35000, Instance: ram_tb_4.uut.ram_inst_4.inst.native_mem_module.blk_mem_gen_v8_4_9_inst, A write address: 0, B  read address: 0
blk_mem_gen_v8_4_9 collision detected at time: 55000, Instance: ram_tb_4.uut.ram_inst_4.inst.native_mem_module.blk_mem_gen_v8_4_9_inst, A write address: 1, B  read address: 1
blk_mem_gen_v8_4_9 collision detected at time: 75000, Instance: ram_tb_4.uut.ram_inst_4.inst.native_mem_module.blk_mem_gen_v8_4_9_inst, A write address: 2, B  read address: 2
blk_mem_gen_v8_4_9 collision detected at time: 95000, Instance: ram_tb_4.uut.ram_inst_4.inst.native_mem_module.blk_mem_gen_v8_4_9_inst, A write address: 3, B  read address: 3
blk_mem_gen_v8_4_9 collision detected at time: 115000, Instance: ram_tb_4.uut.ram_inst_4.inst.native_mem_module.blk_mem_gen_v8_4_9_inst, A write address: 4, B  read address: 4
blk_mem_gen_v8_4_9 collision detected at time: 135000, Instance: ram_tb_4.uut.ram_inst_4.inst.native_mem_module.blk_mem_gen_v8_4_9_inst, A write address: 5, B  read address: 5
blk_mem_gen_v8_4_9 collision detected at time: 155000, Instance: ram_tb_4.uut.ram_inst_4.inst.native_mem_module.blk_mem_gen_v8_4_9_inst, A write address: 6, B  read address: 6
blk_mem_gen_v8_4_9 collision detected at time: 175000, Instance: ram_tb_4.uut.ram_inst_4.inst.native_mem_module.blk_mem_gen_v8_4_9_inst, A write address: 7, B  read address: 7
blk_mem_gen_v8_4_9 collision detected at time: 195000, Instance: ram_tb_4.uut.ram_inst_4.inst.native_mem_module.blk_mem_gen_v8_4_9_inst, A write address: 8, B  read address: 8
blk_mem_gen_v8_4_9 collision detected at time: 215000, Instance: ram_tb_4.uut.ram_inst_4.inst.native_mem_module.blk_mem_gen_v8_4_9_inst, A write address: 9, B  read address: 9
blk_mem_gen_v8_4_9 collision detected at time: 235000, Instance: ram_tb_4.uut.ram_inst_4.inst.native_mem_module.blk_mem_gen_v8_4_9_inst, A write address: a, B  read address: a
blk_mem_gen_v8_4_9 collision detected at time: 255000, Instance: ram_tb_4.uut.ram_inst_4.inst.native_mem_module.blk_mem_gen_v8_4_9_inst, A write address: b, B  read address: b
blk_mem_gen_v8_4_9 collision detected at time: 275000, Instance: ram_tb_4.uut.ram_inst_4.inst.native_mem_module.blk_mem_gen_v8_4_9_inst, A write address: c, B  read address: c
blk_mem_gen_v8_4_9 collision detected at time: 295000, Instance: ram_tb_4.uut.ram_inst_4.inst.native_mem_module.blk_mem_gen_v8_4_9_inst, A write address: d, B  read address: d
blk_mem_gen_v8_4_9 collision detected at time: 315000, Instance: ram_tb_4.uut.ram_inst_4.inst.native_mem_module.blk_mem_gen_v8_4_9_inst, A write address: e, B  read address: e
blk_mem_gen_v8_4_9 collision detected at time: 335000, Instance: ram_tb_4.uut.ram_inst_4.inst.native_mem_module.blk_mem_gen_v8_4_9_inst, A write address: f, B  read address: f
blk_mem_gen_v8_4_9 collision detected at time: 355000, Instance: ram_tb_4.uut.ram_inst_4.inst.native_mem_module.blk_mem_gen_v8_4_9_inst, A write address: 10, B  read address: 10
blk_mem_gen_v8_4_9 collision detected at time: 375000, Instance: ram_tb_4.uut.ram_inst_4.inst.native_mem_module.blk_mem_gen_v8_4_9_inst, A write address: 11, B  read address: 11
blk_mem_gen_v8_4_9 collision detected at time: 395000, Instance: ram_tb_4.uut.ram_inst_4.inst.native_mem_module.blk_mem_gen_v8_4_9_inst, A write address: 12, B  read address: 12
blk_mem_gen_v8_4_9 collision detected at time: 415000, Instance: ram_tb_4.uut.ram_inst_4.inst.native_mem_module.blk_mem_gen_v8_4_9_inst, A write address: 13, B  read address: 13
blk_mem_gen_v8_4_9 collision detected at time: 435000, Instance: ram_tb_4.uut.ram_inst_4.inst.native_mem_module.blk_mem_gen_v8_4_9_inst, A write address: 14, B  read address: 14
blk_mem_gen_v8_4_9 collision detected at time: 455000, Instance: ram_tb_4.uut.ram_inst_4.inst.native_mem_module.blk_mem_gen_v8_4_9_inst, A write address: 15, B  read address: 15
blk_mem_gen_v8_4_9 collision detected at time: 475000, Instance: ram_tb_4.uut.ram_inst_4.inst.native_mem_module.blk_mem_gen_v8_4_9_inst, A write address: 16, B  read address: 16
blk_mem_gen_v8_4_9 collision detected at time: 495000, Instance: ram_tb_4.uut.ram_inst_4.inst.native_mem_module.blk_mem_gen_v8_4_9_inst, A write address: 17, B  read address: 17
blk_mem_gen_v8_4_9 collision detected at time: 515000, Instance: ram_tb_4.uut.ram_inst_4.inst.native_mem_module.blk_mem_gen_v8_4_9_inst, A write address: 18, B  read address: 18
blk_mem_gen_v8_4_9 collision detected at time: 535000, Instance: ram_tb_4.uut.ram_inst_4.inst.native_mem_module.blk_mem_gen_v8_4_9_inst, A write address: 19, B  read address: 19
blk_mem_gen_v8_4_9 collision detected at time: 555000, Instance: ram_tb_4.uut.ram_inst_4.inst.native_mem_module.blk_mem_gen_v8_4_9_inst, A write address: 1a, B  read address: 1a
blk_mem_gen_v8_4_9 collision detected at time: 575000, Instance: ram_tb_4.uut.ram_inst_4.inst.native_mem_module.blk_mem_gen_v8_4_9_inst, A write address: 1b, B  read address: 1b
blk_mem_gen_v8_4_9 collision detected at time: 595000, Instance: ram_tb_4.uut.ram_inst_4.inst.native_mem_module.blk_mem_gen_v8_4_9_inst, A write address: 1c, B  read address: 1c
blk_mem_gen_v8_4_9 collision detected at time: 615000, Instance: ram_tb_4.uut.ram_inst_4.inst.native_mem_module.blk_mem_gen_v8_4_9_inst, A write address: 1d, B  read address: 1d
blk_mem_gen_v8_4_9 collision detected at time: 635000, Instance: ram_tb_4.uut.ram_inst_4.inst.native_mem_module.blk_mem_gen_v8_4_9_inst, A write address: 1e, B  read address: 1e
blk_mem_gen_v8_4_9 collision detected at time: 655000, Instance: ram_tb_4.uut.ram_inst_4.inst.native_mem_module.blk_mem_gen_v8_4_9_inst, A write address: 1f, B  read address: 1f
blk_mem_gen_v8_4_9 collision detected at time: 675000, Instance: ram_tb_4.uut.ram_inst_4.inst.native_mem_module.blk_mem_gen_v8_4_9_inst, A write address: 20, B  read address: 20
blk_mem_gen_v8_4_9 collision detected at time: 695000, Instance: ram_tb_4.uut.ram_inst_4.inst.native_mem_module.blk_mem_gen_v8_4_9_inst, A write address: 21, B  read address: 21
blk_mem_gen_v8_4_9 collision detected at time: 715000, Instance: ram_tb_4.uut.ram_inst_4.inst.native_mem_module.blk_mem_gen_v8_4_9_inst, A write address: 22, B  read address: 22
blk_mem_gen_v8_4_9 collision detected at time: 735000, Instance: ram_tb_4.uut.ram_inst_4.inst.native_mem_module.blk_mem_gen_v8_4_9_inst, A write address: 23, B  read address: 23
blk_mem_gen_v8_4_9 collision detected at time: 755000, Instance: ram_tb_4.uut.ram_inst_4.inst.native_mem_module.blk_mem_gen_v8_4_9_inst, A write address: 24, B  read address: 24
blk_mem_gen_v8_4_9 collision detected at time: 775000, Instance: ram_tb_4.uut.ram_inst_4.inst.native_mem_module.blk_mem_gen_v8_4_9_inst, A write address: 25, B  read address: 25
blk_mem_gen_v8_4_9 collision detected at time: 795000, Instance: ram_tb_4.uut.ram_inst_4.inst.native_mem_module.blk_mem_gen_v8_4_9_inst, A write address: 26, B  read address: 26
blk_mem_gen_v8_4_9 collision detected at time: 815000, Instance: ram_tb_4.uut.ram_inst_4.inst.native_mem_module.blk_mem_gen_v8_4_9_inst, A write address: 27, B  read address: 27
blk_mem_gen_v8_4_9 collision detected at time: 835000, Instance: ram_tb_4.uut.ram_inst_4.inst.native_mem_module.blk_mem_gen_v8_4_9_inst, A write address: 28, B  read address: 28
blk_mem_gen_v8_4_9 collision detected at time: 855000, Instance: ram_tb_4.uut.ram_inst_4.inst.native_mem_module.blk_mem_gen_v8_4_9_inst, A write address: 29, B  read address: 29
blk_mem_gen_v8_4_9 collision detected at time: 875000, Instance: ram_tb_4.uut.ram_inst_4.inst.native_mem_module.blk_mem_gen_v8_4_9_inst, A write address: 2a, B  read address: 2a
blk_mem_gen_v8_4_9 collision detected at time: 895000, Instance: ram_tb_4.uut.ram_inst_4.inst.native_mem_module.blk_mem_gen_v8_4_9_inst, A write address: 2b, B  read address: 2b
blk_mem_gen_v8_4_9 collision detected at time: 915000, Instance: ram_tb_4.uut.ram_inst_4.inst.native_mem_module.blk_mem_gen_v8_4_9_inst, A write address: 2c, B  read address: 2c
blk_mem_gen_v8_4_9 collision detected at time: 935000, Instance: ram_tb_4.uut.ram_inst_4.inst.native_mem_module.blk_mem_gen_v8_4_9_inst, A write address: 2d, B  read address: 2d
blk_mem_gen_v8_4_9 collision detected at time: 955000, Instance: ram_tb_4.uut.ram_inst_4.inst.native_mem_module.blk_mem_gen_v8_4_9_inst, A write address: 2e, B  read address: 2e
blk_mem_gen_v8_4_9 collision detected at time: 975000, Instance: ram_tb_4.uut.ram_inst_4.inst.native_mem_module.blk_mem_gen_v8_4_9_inst, A write address: 2f, B  read address: 2f
blk_mem_gen_v8_4_9 collision detected at time: 995000, Instance: ram_tb_4.uut.ram_inst_4.inst.native_mem_module.blk_mem_gen_v8_4_9_inst, A write address: 30, B  read address: 30
